This is pdfTeX, Version 3.1415926-2.3-1.40.12 (MiKTeX 2.9 64-bit) (preloaded format=pdflatex 2012.8.11)  31 MAY 2013 21:04
entering extended mode
**Bachelorproef.tex

(C:\Users\david\Documents\Studies\VUB\2012-2013\Bachelorproef\AMuRate\Log\LaTeX
\Bachelorproef.tex
LaTeX2e <2011/06/27>
Babel <v3.8m> and hyphenation patterns for english, afrikaans, ancientgreek, ar
abic, armenian, assamese, basque, bengali, bokmal, bulgarian, catalan, coptic, 
croatian, czech, danish, dutch, esperanto, estonian, farsi, finnish, french, ga
lician, german, german-x-2009-06-19, greek, gujarati, hindi, hungarian, iceland
ic, indonesian, interlingua, irish, italian, kannada, kurmanji, lao, latin, lat
vian, lithuanian, malayalam, marathi, mongolian, mongolianlmc, monogreek, ngerm
an, ngerman-x-2009-06-19, nynorsk, oriya, panjabi, pinyin, polish, portuguese, 
romanian, russian, sanskrit, serbian, slovak, slovenian, spanish, swedish, swis
sgerman, tamil, telugu, turkish, turkmen, ukenglish, ukrainian, uppersorbian, u
senglishmax, welsh, loaded.
("C:\Program Files\MiKTeX 2.9\tex\latex\base\article.cls"
Document Class: article 2007/10/19 v1.4h Standard LaTeX document class
("C:\Program Files\MiKTeX 2.9\tex\latex\base\size11.clo"
File: size11.clo 2007/10/19 v1.4h Standard LaTeX file (size option)
)
\c@part=\count79
\c@section=\count80
\c@subsection=\count81
\c@subsubsection=\count82
\c@paragraph=\count83
\c@subparagraph=\count84
\c@figure=\count85
\c@table=\count86
\abovecaptionskip=\skip41
\belowcaptionskip=\skip42
\bibindent=\dimen102
)
("C:\Program Files\MiKTeX 2.9\tex\latex\base\inputenc.sty"
Package: inputenc 2008/03/30 v1.1d Input encoding file
\inpenc@prehook=\toks14
\inpenc@posthook=\toks15

("C:\Program Files\MiKTeX 2.9\tex\latex\base\utf8.def"
File: utf8.def 2008/04/05 v1.1m UTF-8 support for inputenc
Now handling font encoding OML ...
... no UTF-8 mapping file for font encoding OML
Now handling font encoding T1 ...
... processing UTF-8 mapping file for font encoding T1

("C:\Program Files\MiKTeX 2.9\tex\latex\base\t1enc.dfu"
File: t1enc.dfu 2008/04/05 v1.1m UTF-8 support for inputenc
   defining Unicode char U+00A1 (decimal 161)
   defining Unicode char U+00A3 (decimal 163)
   defining Unicode char U+00AB (decimal 171)
   defining Unicode char U+00BB (decimal 187)
   defining Unicode char U+00BF (decimal 191)
   defining Unicode char U+00C0 (decimal 192)
   defining Unicode char U+00C1 (decimal 193)
   defining Unicode char U+00C2 (decimal 194)
   defining Unicode char U+00C3 (decimal 195)
   defining Unicode char U+00C4 (decimal 196)
   defining Unicode char U+00C5 (decimal 197)
   defining Unicode char U+00C6 (decimal 198)
   defining Unicode char U+00C7 (decimal 199)
   defining Unicode char U+00C8 (decimal 200)
   defining Unicode char U+00C9 (decimal 201)
   defining Unicode char U+00CA (decimal 202)
   defining Unicode char U+00CB (decimal 203)
   defining Unicode char U+00CC (decimal 204)
   defining Unicode char U+00CD (decimal 205)
   defining Unicode char U+00CE (decimal 206)
   defining Unicode char U+00CF (decimal 207)
   defining Unicode char U+00D0 (decimal 208)
   defining Unicode char U+00D1 (decimal 209)
   defining Unicode char U+00D2 (decimal 210)
   defining Unicode char U+00D3 (decimal 211)
   defining Unicode char U+00D4 (decimal 212)
   defining Unicode char U+00D5 (decimal 213)
   defining Unicode char U+00D6 (decimal 214)
   defining Unicode char U+00D8 (decimal 216)
   defining Unicode char U+00D9 (decimal 217)
   defining Unicode char U+00DA (decimal 218)
   defining Unicode char U+00DB (decimal 219)
   defining Unicode char U+00DC (decimal 220)
   defining Unicode char U+00DD (decimal 221)
   defining Unicode char U+00DE (decimal 222)
   defining Unicode char U+00DF (decimal 223)
   defining Unicode char U+00E0 (decimal 224)
   defining Unicode char U+00E1 (decimal 225)
   defining Unicode char U+00E2 (decimal 226)
   defining Unicode char U+00E3 (decimal 227)
   defining Unicode char U+00E4 (decimal 228)
   defining Unicode char U+00E5 (decimal 229)
   defining Unicode char U+00E6 (decimal 230)
   defining Unicode char U+00E7 (decimal 231)
   defining Unicode char U+00E8 (decimal 232)
   defining Unicode char U+00E9 (decimal 233)
   defining Unicode char U+00EA (decimal 234)
   defining Unicode char U+00EB (decimal 235)
   defining Unicode char U+00EC (decimal 236)
   defining Unicode char U+00ED (decimal 237)
   defining Unicode char U+00EE (decimal 238)
   defining Unicode char U+00EF (decimal 239)
   defining Unicode char U+00F0 (decimal 240)
   defining Unicode char U+00F1 (decimal 241)
   defining Unicode char U+00F2 (decimal 242)
   defining Unicode char U+00F3 (decimal 243)
   defining Unicode char U+00F4 (decimal 244)
   defining Unicode char U+00F5 (decimal 245)
   defining Unicode char U+00F6 (decimal 246)
   defining Unicode char U+00F8 (decimal 248)
   defining Unicode char U+00F9 (decimal 249)
   defining Unicode char U+00FA (decimal 250)
   defining Unicode char U+00FB (decimal 251)
   defining Unicode char U+00FC (decimal 252)
   defining Unicode char U+00FD (decimal 253)
   defining Unicode char U+00FE (decimal 254)
   defining Unicode char U+00FF (decimal 255)
   defining Unicode char U+0102 (decimal 258)
   defining Unicode char U+0103 (decimal 259)
   defining Unicode char U+0104 (decimal 260)
   defining Unicode char U+0105 (decimal 261)
   defining Unicode char U+0106 (decimal 262)
   defining Unicode char U+0107 (decimal 263)
   defining Unicode char U+010C (decimal 268)
   defining Unicode char U+010D (decimal 269)
   defining Unicode char U+010E (decimal 270)
   defining Unicode char U+010F (decimal 271)
   defining Unicode char U+0110 (decimal 272)
   defining Unicode char U+0111 (decimal 273)
   defining Unicode char U+0118 (decimal 280)
   defining Unicode char U+0119 (decimal 281)
   defining Unicode char U+011A (decimal 282)
   defining Unicode char U+011B (decimal 283)
   defining Unicode char U+011E (decimal 286)
   defining Unicode char U+011F (decimal 287)
   defining Unicode char U+0130 (decimal 304)
   defining Unicode char U+0131 (decimal 305)
   defining Unicode char U+0132 (decimal 306)
   defining Unicode char U+0133 (decimal 307)
   defining Unicode char U+0139 (decimal 313)
   defining Unicode char U+013A (decimal 314)
   defining Unicode char U+013D (decimal 317)
   defining Unicode char U+013E (decimal 318)
   defining Unicode char U+0141 (decimal 321)
   defining Unicode char U+0142 (decimal 322)
   defining Unicode char U+0143 (decimal 323)
   defining Unicode char U+0144 (decimal 324)
   defining Unicode char U+0147 (decimal 327)
   defining Unicode char U+0148 (decimal 328)
   defining Unicode char U+014A (decimal 330)
   defining Unicode char U+014B (decimal 331)
   defining Unicode char U+0150 (decimal 336)
   defining Unicode char U+0151 (decimal 337)
   defining Unicode char U+0152 (decimal 338)
   defining Unicode char U+0153 (decimal 339)
   defining Unicode char U+0154 (decimal 340)
   defining Unicode char U+0155 (decimal 341)
   defining Unicode char U+0158 (decimal 344)
   defining Unicode char U+0159 (decimal 345)
   defining Unicode char U+015A (decimal 346)
   defining Unicode char U+015B (decimal 347)
   defining Unicode char U+015E (decimal 350)
   defining Unicode char U+015F (decimal 351)
   defining Unicode char U+0160 (decimal 352)
   defining Unicode char U+0161 (decimal 353)
   defining Unicode char U+0162 (decimal 354)
   defining Unicode char U+0163 (decimal 355)
   defining Unicode char U+0164 (decimal 356)
   defining Unicode char U+0165 (decimal 357)
   defining Unicode char U+016E (decimal 366)
   defining Unicode char U+016F (decimal 367)
   defining Unicode char U+0170 (decimal 368)
   defining Unicode char U+0171 (decimal 369)
   defining Unicode char U+0178 (decimal 376)
   defining Unicode char U+0179 (decimal 377)
   defining Unicode char U+017A (decimal 378)
   defining Unicode char U+017B (decimal 379)
   defining Unicode char U+017C (decimal 380)
   defining Unicode char U+017D (decimal 381)
   defining Unicode char U+017E (decimal 382)
   defining Unicode char U+200C (decimal 8204)
   defining Unicode char U+2013 (decimal 8211)
   defining Unicode char U+2014 (decimal 8212)
   defining Unicode char U+2018 (decimal 8216)
   defining Unicode char U+2019 (decimal 8217)
   defining Unicode char U+201A (decimal 8218)
   defining Unicode char U+201C (decimal 8220)
   defining Unicode char U+201D (decimal 8221)
   defining Unicode char U+201E (decimal 8222)
   defining Unicode char U+2030 (decimal 8240)
   defining Unicode char U+2031 (decimal 8241)
   defining Unicode char U+2039 (decimal 8249)
   defining Unicode char U+203A (decimal 8250)
   defining Unicode char U+2423 (decimal 9251)
)
Now handling font encoding OT1 ...
... processing UTF-8 mapping file for font encoding OT1

("C:\Program Files\MiKTeX 2.9\tex\latex\base\ot1enc.dfu"
File: ot1enc.dfu 2008/04/05 v1.1m UTF-8 support for inputenc
   defining Unicode char U+00A1 (decimal 161)
   defining Unicode char U+00A3 (decimal 163)
   defining Unicode char U+00B8 (decimal 184)
   defining Unicode char U+00BF (decimal 191)
   defining Unicode char U+00C5 (decimal 197)
   defining Unicode char U+00C6 (decimal 198)
   defining Unicode char U+00D8 (decimal 216)
   defining Unicode char U+00DF (decimal 223)
   defining Unicode char U+00E6 (decimal 230)
   defining Unicode char U+00EC (decimal 236)
   defining Unicode char U+00ED (decimal 237)
   defining Unicode char U+00EE (decimal 238)
   defining Unicode char U+00EF (decimal 239)
   defining Unicode char U+00F8 (decimal 248)
   defining Unicode char U+0131 (decimal 305)
   defining Unicode char U+0141 (decimal 321)
   defining Unicode char U+0142 (decimal 322)
   defining Unicode char U+0152 (decimal 338)
   defining Unicode char U+0153 (decimal 339)
   defining Unicode char U+2013 (decimal 8211)
   defining Unicode char U+2014 (decimal 8212)
   defining Unicode char U+2018 (decimal 8216)
   defining Unicode char U+2019 (decimal 8217)
   defining Unicode char U+201C (decimal 8220)
   defining Unicode char U+201D (decimal 8221)
)
Now handling font encoding OMS ...
... processing UTF-8 mapping file for font encoding OMS

("C:\Program Files\MiKTeX 2.9\tex\latex\base\omsenc.dfu"
File: omsenc.dfu 2008/04/05 v1.1m UTF-8 support for inputenc
   defining Unicode char U+00A7 (decimal 167)
   defining Unicode char U+00B6 (decimal 182)
   defining Unicode char U+00B7 (decimal 183)
   defining Unicode char U+2020 (decimal 8224)
   defining Unicode char U+2021 (decimal 8225)
   defining Unicode char U+2022 (decimal 8226)
)
Now handling font encoding OMX ...
... no UTF-8 mapping file for font encoding OMX
Now handling font encoding U ...
... no UTF-8 mapping file for font encoding U
   defining Unicode char U+00A9 (decimal 169)
   defining Unicode char U+00AA (decimal 170)
   defining Unicode char U+00AE (decimal 174)
   defining Unicode char U+00BA (decimal 186)
   defining Unicode char U+02C6 (decimal 710)
   defining Unicode char U+02DC (decimal 732)
   defining Unicode char U+200C (decimal 8204)
   defining Unicode char U+2026 (decimal 8230)
   defining Unicode char U+2122 (decimal 8482)
   defining Unicode char U+2423 (decimal 9251)
))
("C:\Program Files\MiKTeX 2.9\tex\latex\ams\math\amsmath.sty"
Package: amsmath 2000/07/18 v2.13 AMS math features
\@mathmargin=\skip43

For additional information on amsmath, use the `?' option.
("C:\Program Files\MiKTeX 2.9\tex\latex\ams\math\amstext.sty"
Package: amstext 2000/06/29 v2.01

("C:\Program Files\MiKTeX 2.9\tex\latex\ams\math\amsgen.sty"
File: amsgen.sty 1999/11/30 v2.0
\@emptytoks=\toks16
\ex@=\dimen103
))
("C:\Program Files\MiKTeX 2.9\tex\latex\ams\math\amsbsy.sty"
Package: amsbsy 1999/11/29 v1.2d
\pmbraise@=\dimen104
)
("C:\Program Files\MiKTeX 2.9\tex\latex\ams\math\amsopn.sty"
Package: amsopn 1999/12/14 v2.01 operator names
)
\inf@bad=\count87
LaTeX Info: Redefining \frac on input line 211.
\uproot@=\count88
\leftroot@=\count89
LaTeX Info: Redefining \overline on input line 307.
\classnum@=\count90
\DOTSCASE@=\count91
LaTeX Info: Redefining \ldots on input line 379.
LaTeX Info: Redefining \dots on input line 382.
LaTeX Info: Redefining \cdots on input line 467.
\Mathstrutbox@=\box26
\strutbox@=\box27
\big@size=\dimen105
LaTeX Font Info:    Redeclaring font encoding OML on input line 567.
LaTeX Font Info:    Redeclaring font encoding OMS on input line 568.
\macc@depth=\count92
\c@MaxMatrixCols=\count93
\dotsspace@=\muskip10
\c@parentequation=\count94
\dspbrk@lvl=\count95
\tag@help=\toks17
\row@=\count96
\column@=\count97
\maxfields@=\count98
\andhelp@=\toks18
\eqnshift@=\dimen106
\alignsep@=\dimen107
\tagshift@=\dimen108
\tagwidth@=\dimen109
\totwidth@=\dimen110
\lineht@=\dimen111
\@envbody=\toks19
\multlinegap=\skip44
\multlinetaggap=\skip45
\mathdisplay@stack=\toks20
LaTeX Info: Redefining \[ on input line 2666.
LaTeX Info: Redefining \] on input line 2667.
)
("C:\Program Files\MiKTeX 2.9\tex\latex\amsfonts\amsfonts.sty"
Package: amsfonts 2009/06/22 v3.00 Basic AMSFonts support
\symAMSa=\mathgroup4
\symAMSb=\mathgroup5
LaTeX Font Info:    Overwriting math alphabet `\mathfrak' in version `bold'
(Font)                  U/euf/m/n --> U/euf/b/n on input line 96.
)
("C:\Program Files\MiKTeX 2.9\tex\latex\xcolor\xcolor.sty"
Package: xcolor 2007/01/21 v2.11 LaTeX color extensions (UK)

("C:\Program Files\MiKTeX 2.9\tex\latex\00miktex\color.cfg"
File: color.cfg 2007/01/18 v1.5 color configuration of teTeX/TeXLive
)
Package xcolor Info: Driver file: pdftex.def on input line 225.

("C:\Program Files\MiKTeX 2.9\tex\latex\pdftex-def\pdftex.def"
File: pdftex.def 2011/05/27 v0.06d Graphics/color for pdfTeX

("C:\Program Files\MiKTeX 2.9\tex\generic\oberdiek\infwarerr.sty"
Package: infwarerr 2010/04/08 v1.3 Providing info/warning/error messages (HO)
)
("C:\Program Files\MiKTeX 2.9\tex\generic\oberdiek\ltxcmds.sty"
Package: ltxcmds 2011/11/09 v1.22 LaTeX kernel commands for general use (HO)
)
\Gread@gobject=\count99
)
Package xcolor Info: Model `cmy' substituted by `cmy0' on input line 1337.
Package xcolor Info: Model `hsb' substituted by `rgb' on input line 1341.
Package xcolor Info: Model `RGB' extended on input line 1353.
Package xcolor Info: Model `HTML' substituted by `rgb' on input line 1355.
Package xcolor Info: Model `Hsb' substituted by `hsb' on input line 1356.
Package xcolor Info: Model `tHsb' substituted by `hsb' on input line 1357.
Package xcolor Info: Model `HSB' substituted by `hsb' on input line 1358.
Package xcolor Info: Model `Gray' substituted by `gray' on input line 1359.
Package xcolor Info: Model `wave' substituted by `hsb' on input line 1360.
)
("C:\Program Files\MiKTeX 2.9\tex\latex\tools\array.sty"
Package: array 2008/09/09 v2.4c Tabular extension package (FMi)
\col@sep=\dimen112
\extrarowheight=\dimen113
\NC@list=\toks21
\extratabsurround=\skip46
\backup@length=\skip47
)
("C:\Program Files\MiKTeX 2.9\tex\latex\amsfonts\amssymb.sty"
Package: amssymb 2009/06/22 v3.00
)
("C:\Program Files\MiKTeX 2.9\tex\latex\listings\listings.sty"
("C:\Program Files\MiKTeX 2.9\tex\latex\graphics\keyval.sty"
Package: keyval 1999/03/16 v1.13 key=value parser (DPC)
\KV@toks@=\toks22
)
\lst@mode=\count100
\lst@gtempboxa=\box28
\lst@token=\toks23
\lst@length=\count101
\lst@currlwidth=\dimen114
\lst@column=\count102
\lst@pos=\count103
\lst@lostspace=\dimen115
\lst@width=\dimen116
\lst@newlines=\count104
\lst@lineno=\count105
\lst@maxwidth=\dimen117

("C:\Program Files\MiKTeX 2.9\tex\latex\listings\lstmisc.sty"
File: lstmisc.sty 2007/02/22 1.4 (Carsten Heinz)
\c@lstnumber=\count106
\lst@skipnumbers=\count107
\lst@framebox=\box29
)
("C:\Program Files\MiKTeX 2.9\tex\latex\listings\listings.cfg"
File: listings.cfg 2007/02/22 1.4 listings configuration
))
Package: listings 2007/02/22 1.4 (Carsten Heinz)

("C:\Program Files\MiKTeX 2.9\tex\latex\hyperref\hyperref.sty"
Package: hyperref 2012/05/13 v6.82q Hypertext links for LaTeX

("C:\Program Files\MiKTeX 2.9\tex\generic\oberdiek\hobsub-hyperref.sty"
Package: hobsub-hyperref 2012/04/25 v1.12 Bundle oberdiek, subset hyperref (HO)


("C:\Program Files\MiKTeX 2.9\tex\generic\oberdiek\hobsub-generic.sty"
Package: hobsub-generic 2012/04/25 v1.12 Bundle oberdiek, subset generic (HO)
Package: hobsub 2012/04/25 v1.12 Construct package bundles (HO)
Package hobsub Info: Skipping package `infwarerr' (already loaded).
Package hobsub Info: Skipping package `ltxcmds' (already loaded).
Package: ifluatex 2010/03/01 v1.3 Provides the ifluatex switch (HO)
Package ifluatex Info: LuaTeX not detected.
Package: ifvtex 2010/03/01 v1.5 Detect VTeX and its facilities (HO)
Package ifvtex Info: VTeX not detected.
Package: intcalc 2007/09/27 v1.1 Expandable calculations with integers (HO)
Package: ifpdf 2011/01/30 v2.3 Provides the ifpdf switch (HO)
Package ifpdf Info: pdfTeX in PDF mode is detected.
Package: etexcmds 2011/02/16 v1.5 Avoid name clashes with e-TeX commands (HO)
Package etexcmds Info: Could not find \expanded.
(etexcmds)             That can mean that you are not using pdfTeX 1.50 or
(etexcmds)             that some package has redefined \expanded.
(etexcmds)             In the latter case, load this package earlier.
Package: kvsetkeys 2012/04/25 v1.16 Key value parser (HO)
Package: kvdefinekeys 2011/04/07 v1.3 Define keys (HO)
Package: pdftexcmds 2011/11/29 v0.20 Utility functions of pdfTeX for LuaTeX (HO
)
Package pdftexcmds Info: LuaTeX not detected.
Package pdftexcmds Info: \pdf@primitive is available.
Package pdftexcmds Info: \pdf@ifprimitive is available.
Package pdftexcmds Info: \pdfdraftmode found.
Package: pdfescape 2011/11/25 v1.13 Implements pdfTeX's escape features (HO)
Package: bigintcalc 2012/04/08 v1.3 Expandable calculations on big integers (HO
)
Package: bitset 2011/01/30 v1.1 Handle bit-vector datatype (HO)
Package: uniquecounter 2011/01/30 v1.2 Provide unlimited unique counter (HO)
)
Package hobsub Info: Skipping package `hobsub' (already loaded).
Package: letltxmacro 2010/09/02 v1.4 Let assignment for LaTeX macros (HO)
Package: hopatch 2011/06/24 v1.1 Wrapper for package hooks (HO)
Package: xcolor-patch 2011/01/30 xcolor patch
Package: atveryend 2011/06/30 v1.8 Hooks at the very end of document (HO)
Package atveryend Info: \enddocument detected (standard20110627).
Package: atbegshi 2011/10/05 v1.16 At begin shipout hook (HO)
Package: refcount 2011/10/16 v3.4 Data extraction from label references (HO)
Package: hycolor 2011/01/30 v1.7 Color options for hyperref/bookmark (HO)
)
("C:\Program Files\MiKTeX 2.9\tex\generic\ifxetex\ifxetex.sty"
Package: ifxetex 2010/09/12 v0.6 Provides ifxetex conditional
)
("C:\Program Files\MiKTeX 2.9\tex\latex\oberdiek\kvoptions.sty"
Package: kvoptions 2011/06/30 v3.11 Key value format for package options (HO)
)
\@linkdim=\dimen118
\Hy@linkcounter=\count108
\Hy@pagecounter=\count109

("C:\Program Files\MiKTeX 2.9\tex\latex\hyperref\pd1enc.def"
File: pd1enc.def 2012/05/13 v6.82q Hyperref: PDFDocEncoding definition (HO)
Now handling font encoding PD1 ...
... no UTF-8 mapping file for font encoding PD1
)
\Hy@SavedSpaceFactor=\count110

("C:\Program Files\MiKTeX 2.9\tex\latex\00miktex\hyperref.cfg"
File: hyperref.cfg 2002/06/06 v1.2 hyperref configuration of TeXLive
)
Package hyperref Info: Hyper figures OFF on input line 4062.
Package hyperref Info: Link nesting OFF on input line 4067.
Package hyperref Info: Hyper index ON on input line 4070.
Package hyperref Info: Plain pages OFF on input line 4077.
Package hyperref Info: Backreferencing OFF on input line 4082.
Package hyperref Info: Implicit mode ON; LaTeX internals redefined.
Package hyperref Info: Bookmarks ON on input line 4300.
\c@Hy@tempcnt=\count111

("C:\Program Files\MiKTeX 2.9\tex\latex\ltxmisc\url.sty"
\Urlmuskip=\muskip11
Package: url 2006/04/12  ver 3.3  Verb mode for urls, etc.
)
LaTeX Info: Redefining \url on input line 4653.
\Fld@menulength=\count112
\Field@Width=\dimen119
\Fld@charsize=\dimen120
Package hyperref Info: Hyper figures OFF on input line 5773.
Package hyperref Info: Link nesting OFF on input line 5778.
Package hyperref Info: Hyper index ON on input line 5781.
Package hyperref Info: backreferencing OFF on input line 5788.
Package hyperref Info: Link coloring OFF on input line 5793.
Package hyperref Info: Link coloring with OCG OFF on input line 5798.
Package hyperref Info: PDF/A mode OFF on input line 5803.
LaTeX Info: Redefining \ref on input line 5843.
LaTeX Info: Redefining \pageref on input line 5847.
\Hy@abspage=\count113
\c@Item=\count114
\c@Hfootnote=\count115
)

Package hyperref Message: Driver (autodetected): hpdftex.

("C:\Program Files\MiKTeX 2.9\tex\latex\hyperref\hpdftex.def"
File: hpdftex.def 2012/05/13 v6.82q Hyperref driver for pdfTeX
\Fld@listcount=\count116
\c@bookmark@seq@number=\count117

("C:\Program Files\MiKTeX 2.9\tex\latex\oberdiek\rerunfilecheck.sty"
Package: rerunfilecheck 2011/04/15 v1.7 Rerun checks for auxiliary files (HO)
Package uniquecounter Info: New unique counter `rerunfilecheck' on input line 2
82.
)
\Hy@SectionHShift=\skip48
)
("C:\Program Files\MiKTeX 2.9\tex\latex\graphics\graphicx.sty"
Package: graphicx 1999/02/16 v1.0f Enhanced LaTeX Graphics (DPC,SPQR)

("C:\Program Files\MiKTeX 2.9\tex\latex\graphics\graphics.sty"
Package: graphics 2009/02/05 v1.0o Standard LaTeX Graphics (DPC,SPQR)

("C:\Program Files\MiKTeX 2.9\tex\latex\graphics\trig.sty"
Package: trig 1999/03/16 v1.09 sin cos tan (DPC)
)
("C:\Program Files\MiKTeX 2.9\tex\latex\00miktex\graphics.cfg"
File: graphics.cfg 2007/01/18 v1.5 graphics configuration of teTeX/TeXLive
)
Package graphics Info: Driver file: pdftex.def on input line 91.
)
\Gin@req@height=\dimen121
\Gin@req@width=\dimen122
)
("C:\Program Files\MiKTeX 2.9\tex\generic\babel\babel.sty"
Package: babel 2008/07/08 v3.8m The Babel package

*************************************
* Local config file bblopts.cfg used
*
("C:\Program Files\MiKTeX 2.9\tex\latex\00miktex\bblopts.cfg"
File: bblopts.cfg 2006/07/31 v1.0 MiKTeX 'babel' configuration
)
("C:\Program Files\MiKTeX 2.9\tex\generic\babel\dutch.ldf"
Language: dutch 2005/03/30 v3.8i Dutch support from the babel system

("C:\Program Files\MiKTeX 2.9\tex\generic\babel\babel.def"
File: babel.def 2008/07/08 v3.8m Babel common definitions
\babel@savecnt=\count118
\U@D=\dimen123
)
Package babel Info: Making " an active character on input line 132.
))
\c@reqc=\count119
\c@figc=\count120
\c@tabc=\count121

(C:\Users\david\Documents\Studies\VUB\2012-2013\Bachelorproef\AMuRate\Log\LaTeX
\Bachelorproef.aux)
LaTeX Font Info:    Checking defaults for OML/cmm/m/it on input line 43.
LaTeX Font Info:    ... okay on input line 43.
LaTeX Font Info:    Checking defaults for T1/cmr/m/n on input line 43.
LaTeX Font Info:    ... okay on input line 43.
LaTeX Font Info:    Checking defaults for OT1/cmr/m/n on input line 43.
LaTeX Font Info:    ... okay on input line 43.
LaTeX Font Info:    Checking defaults for OMS/cmsy/m/n on input line 43.
LaTeX Font Info:    ... okay on input line 43.
LaTeX Font Info:    Checking defaults for OMX/cmex/m/n on input line 43.
LaTeX Font Info:    ... okay on input line 43.
LaTeX Font Info:    Checking defaults for U/cmr/m/n on input line 43.
LaTeX Font Info:    ... okay on input line 43.
LaTeX Font Info:    Checking defaults for PD1/pdf/m/n on input line 43.
LaTeX Font Info:    ... okay on input line 43.
 ("C:\Program Files\MiKTeX 2.9\tex\context\base\supp-pdf.mkii"
[Loading MPS to PDF converter (version 2006.09.02).]
\scratchcounter=\count122
\scratchdimen=\dimen124
\scratchbox=\box30
\nofMPsegments=\count123
\nofMParguments=\count124
\everyMPshowfont=\toks24
\MPscratchCnt=\count125
\MPscratchDim=\dimen125
\MPnumerator=\count126
\makeMPintoPDFobject=\count127
\everyMPtoPDFconversion=\toks25
)
\c@lstlisting=\count128
\AtBeginShipoutBox=\box31
Package hyperref Info: Link coloring OFF on input line 43.
 ("C:\Program Files\MiKTeX 2.9\tex\latex\hyperref\nameref.sty"
Package: nameref 2010/04/30 v2.40 Cross-referencing by name of section

("C:\Program Files\MiKTeX 2.9\tex\generic\oberdiek\gettitlestring.sty"
Package: gettitlestring 2010/12/03 v1.4 Cleanup title references (HO)
)
\c@section@level=\count129
)
LaTeX Info: Redefining \ref on input line 43.
LaTeX Info: Redefining \pageref on input line 43.
LaTeX Info: Redefining \nameref on input line 43.

(C:\Users\david\Documents\Studies\VUB\2012-2013\Bachelorproef\AMuRate\Log\LaTeX
\Bachelorproef.out)
(C:\Users\david\Documents\Studies\VUB\2012-2013\Bachelorproef\AMuRate\Log\LaTeX
\Bachelorproef.out)
\@outlinefile=\write3

<Pictures/vub_logo.jpg, id=151, 1683.28876pt x 532.99126pt>
File: Pictures/vub_logo.jpg Graphic file (type jpg)

<use Pictures/vub_logo.jpg>
Package pdftex.def Info: Pictures/vub_logo.jpg used on input line 46.
(pdftex.def)             Requested size: 216.0022pt x 68.38855pt.
LaTeX Font Info:    Try loading font information for U+msa on input line 48.

("C:\Program Files\MiKTeX 2.9\tex\latex\amsfonts\umsa.fd"
File: umsa.fd 2009/06/22 v3.00 AMS symbols A
)
LaTeX Font Info:    Try loading font information for U+msb on input line 48.

("C:\Program Files\MiKTeX 2.9\tex\latex\amsfonts\umsb.fd"
File: umsb.fd 2009/06/22 v3.00 AMS symbols B
)
<Pictures/amr_gold_thick.png, id=152, 401.5pt x 376.40625pt>
File: Pictures/amr_gold_thick.png Graphic file (type png)

<use Pictures/amr_gold_thick.png>
Package pdftex.def Info: Pictures/amr_gold_thick.png used on input line 51.
(pdftex.def)             Requested size: 113.81102pt x 106.6968pt.
 [1

{C:/ProgramData/MiKTeX/2.9/pdftex/config/pdftex.map} <C:/Users/david/Documents/
Studies/VUB/2012-2013/Bachelorproef/AMuRate/Log/LaTeX/Pictures/vub_logo.jpg> <C
:/Users/david/Documents/Studies/VUB/2012-2013/Bachelorproef/AMuRate/Log/LaTeX/P
ictures/amr_gold_thick.png>]
(C:\Users\david\Documents\Studies\VUB\2012-2013\Bachelorproef\AMuRate\Log\LaTeX
\Bachelorproef.toc)
\tf@toc=\write4
 [2] [3]
Underfull \hbox (badness 10000) in paragraph at lines 70--74

 []


Underfull \hbox (badness 10000) in paragraph at lines 75--77

 []


Underfull \hbox (badness 10000) in paragraph at lines 78--80

 []


Underfull \hbox (badness 10000) in paragraph at lines 81--83

 []


Underfull \hbox (badness 10000) in paragraph at lines 84--86

 []

[4]
Underfull \hbox (badness 10000) in paragraph at lines 87--89

 []


Underfull \hbox (badness 10000) in paragraph at lines 90--92

 []


Underfull \hbox (badness 10000) in paragraph at lines 93--95

 []


Underfull \hbox (badness 10000) in paragraph at lines 96--98

 []


Underfull \hbox (badness 10000) in paragraph at lines 99--101

 []

[5]
Overfull \hbox (3.35803pt too wide) in paragraph at lines 112--115
\OT1/cmr/m/n/10.95 bruikte op-maak-ta-len, die ge-struc-tu-reerde ge-ge-vens ku
n-nen om-zet-ten in platte
 []

[6] [7]
Overfull \hbox (7.00792pt too wide) in paragraph at lines 153--154
\OT1/cmr/m/n/10.95 Hieronder volgt een ta-bel die alle ver-eis-ten op-somt, met
 hun ge[]mplementeerde
 []


Overfull \hbox (43.08202pt too wide) in paragraph at lines 156--186
[][] 
 []


Underfull \hbox (badness 10000) in paragraph at lines 156--186

 []


Underfull \hbox (badness 10000) in paragraph at lines 156--186

 []


Underfull \hbox (badness 10000) in paragraph at lines 156--186

 []


Underfull \hbox (badness 10000) in paragraph at lines 156--186

 []

[8]
Underfull \hbox (badness 10000) in paragraph at lines 200--201

 []


Underfull \hbox (badness 10000) in paragraph at lines 202--212

 []


Underfull \hbox (badness 10000) in paragraph at lines 213--220

 []


Underfull \hbox (badness 10000) in paragraph at lines 221--229

 []

[9]
Underfull \hbox (badness 10000) in paragraph at lines 239--243

 []


Underfull \hbox (badness 10000) in paragraph at lines 246--247

 []

<Pictures/Dataflow2.png, id=250, 366.6498pt x 166.7028pt>
File: Pictures/Dataflow2.png Graphic file (type png)

<use Pictures/Dataflow2.png>
Package pdftex.def Info: Pictures/Dataflow2.png used on input line 248.
(pdftex.def)             Requested size: 403.316pt x 183.37363pt.


LaTeX Warning: Reference `sec:Technische details' on page 10 undefined on input
 line 250.


Overfull \hbox (60.316pt too wide) in paragraph at lines 248--251
[][] 
 []


Underfull \hbox (badness 10000) in paragraph at lines 248--251

 []

[10]
Underfull \hbox (badness 10000) in paragraph at lines 258--258

 []


Underfull \hbox (badness 10000) in paragraph at lines 258--258

 []

[11 <C:/Users/david/Documents/Studies/VUB/2012-2013/Bachelorproef/AMuRate/Log/L
aTeX/Pictures/Dataflow2.png (PNG copy)>]
Underfull \hbox (badness 10000) in paragraph at lines 259--260

 []

LaTeX Font Info:    Try loading font information for OMS+cmr on input line 262.

("C:\Program Files\MiKTeX 2.9\tex\latex\base\omscmr.fd"
File: omscmr.fd 1999/05/25 v2.5h Standard LaTeX font definitions
)
LaTeX Font Info:    Font shape `OMS/cmr/m/n' in size <10.95> not available
(Font)              Font shape `OMS/cmsy/m/n' tried instead on input line 262.

Underfull \hbox (badness 10000) in paragraph at lines 262--279

 []


Underfull \hbox (badness 10000) in paragraph at lines 280--294

 []


Overfull \hbox (26.13997pt too wide) in paragraph at lines 295--296
\OT1/cmr/m/n/10.95 ma-ken tus-sen een zoek-geschiedenis-record en een track-vie
wed-geschiedenis.
 []

[12]
Underfull \hbox (badness 10000) in paragraph at lines 302--317

 []


Underfull \hbox (badness 10000) in paragraph at lines 318--319

 []

[13]
Underfull \hbox (badness 10000) in paragraph at lines 335--337

 []

<Pictures/datacollection.png, id=274, 356.532pt x 155.6214pt>
File: Pictures/datacollection.png Graphic file (type png)

<use Pictures/datacollection.png>
Package pdftex.def Info: Pictures/datacollection.png used on input line 338.
(pdftex.def)             Requested size: 356.53111pt x 155.621pt.

Overfull \hbox (13.53111pt too wide) in paragraph at lines 338--340
[][] 
 []


Underfull \hbox (badness 10000) in paragraph at lines 338--340

 []

[14 <C:/Users/david/Documents/Studies/VUB/2012-2013/Bachelorproef/AMuRate/Log/L
aTeX/Pictures/datacollection.png (PNG copy)>]
Underfull \hbox (badness 10000) in paragraph at lines 352--354

 []


Underfull \hbox (badness 10000) in paragraph at lines 355--357

 []


Underfull \hbox (badness 10000) in paragraph at lines 358--360

 []


Underfull \hbox (badness 10000) in paragraph at lines 369--370

 []

[15]
Overfull \hbox (50.25035pt too wide) in paragraph at lines 371--374
\OT1/cmr/m/n/10.95 thode met zijn pa-ra-me-ters en de api-key. De ba-sis is al-
tijd 'ws.audioscrobbler.com/2.0/'
 []


Underfull \hbox (badness 10000) in paragraph at lines 371--374

 []


Overfull \hbox (365.82065pt too wide) in paragraph at lines 375--392
[]\OT1/cmr/m/n/10.95 De me-tho-den die in dit pro-ject ge-bruikt wor-den zijn [
]
 []


Underfull \hbox (badness 10000) in paragraph at lines 375--392

 []


Underfull \hbox (badness 10000) in paragraph at lines 393--394

 []

[16] <Pictures/track_search.png, id=292, 497.60907pt x 170.13562pt>
File: Pictures/track_search.png Graphic file (type png)

<use Pictures/track_search.png>
Package pdftex.def Info: Pictures/track_search.png used on input line 396.
(pdftex.def)             Requested size: 426.79134pt x 145.92436pt.

Overfull \hbox (66.79134pt too wide) in paragraph at lines 395--398
[] 
 []


Underfull \hbox (badness 10000) in paragraph at lines 395--398

 []


Underfull \hbox (badness 10000) in paragraph at lines 395--398

 []

<Pictures/track_getinfo.png, id=293, 503.63156pt x 396.7322pt>
File: Pictures/track_getinfo.png Graphic file (type png)

<use Pictures/track_getinfo.png>
Package pdftex.def Info: Pictures/track_getinfo.png used on input line 400.
(pdftex.def)             Requested size: 426.79134pt x 336.20088pt.

Overfull \hbox (66.79134pt too wide) in paragraph at lines 399--402
[] 
 []


Underfull \hbox (badness 10000) in paragraph at lines 399--402

 []

[17 <C:/Users/david/Documents/Studies/VUB/2012-2013/Bachelorproef/AMuRate/Log/L
aTeX/Pictures/track_search.png>] [18 <C:/Users/david/Documents/Studies/VUB/2012
-2013/Bachelorproef/AMuRate/Log/LaTeX/Pictures/track_getinfo.png>]
Underfull \hbox (badness 10000) in paragraph at lines 418--419

 []

<Pictures/lang_folder.png, id=302, 96.36pt x 85.82062pt>
File: Pictures/lang_folder.png Graphic file (type png)

<use Pictures/lang_folder.png>
Package pdftex.def Info: Pictures/lang_folder.png used on input line 421.
(pdftex.def)             Requested size: 96.35974pt x 85.82039pt.
LaTeX Font Info:    Font shape `OMS/cmr/m/n' in size <10> not available
(Font)              Font shape `OMS/cmsy/m/n' tried instead on input line 427.

<Pictures/device-2013-05-25-213538.png, id=303, 481.8pt x 803.0pt>
File: Pictures/device-2013-05-25-213538.png Graphic file (type png)

<use Pictures/device-2013-05-25-213538.png>
Package pdftex.def Info: Pictures/device-2013-05-25-213538.png used on input li
ne 462.
(pdftex.def)             Requested size: 134.90308pt x 224.83847pt.

<Pictures/Screenshot_2013-05-24-21-16-07.png, id=304, 481.8pt x 803.0pt>
File: Pictures/Screenshot_2013-05-24-21-16-07.png Graphic file (type png)

<use Pictures/Screenshot_2013-05-24-21-16-07.png>
Package pdftex.def Info: Pictures/Screenshot_2013-05-24-21-16-07.png used on in
put line 462.
(pdftex.def)             Requested size: 134.90308pt x 224.83847pt.

Underfull \hbox (badness 10000) in paragraph at lines 442--463

 []


Underfull \hbox (badness 10000) in paragraph at lines 442--463

 []

[19 <C:/Users/david/Documents/Studies/VUB/2012-2013/Bachelorproef/AMuRate/Log/L
aTeX/Pictures/lang_folder.png>]
<Pictures/GUI_0124_startresults.png, id=310, 319.1925pt x 520.94624pt>
File: Pictures/GUI_0124_startresults.png Graphic file (type png)

<use Pictures/GUI_0124_startresults.png>
Package pdftex.def Info: Pictures/GUI_0124_startresults.png used on input line 
480.
(pdftex.def)             Requested size: 127.67473pt x 208.3748pt.

<Pictures/Screenshot_2013-05-24-21-17-57.png, id=311, 481.8pt x 803.0pt>
File: Pictures/Screenshot_2013-05-24-21-17-57.png Graphic file (type png)

<use Pictures/Screenshot_2013-05-24-21-17-57.png>
Package pdftex.def Info: Pictures/Screenshot_2013-05-24-21-17-57.png used on in
put line 480.
(pdftex.def)             Requested size: 125.26503pt x 208.77507pt.

<Pictures/Screenshot_2013-05-24-21-18-48.png, id=312, 481.8pt x 803.0pt>
File: Pictures/Screenshot_2013-05-24-21-18-48.png Graphic file (type png)

<use Pictures/Screenshot_2013-05-24-21-18-48.png>
Package pdftex.def Info: Pictures/Screenshot_2013-05-24-21-18-48.png used on in
put line 497.
(pdftex.def)             Requested size: 134.90308pt x 224.83847pt.

<Pictures/Screenshot_2013-05-24-21-20-57.png, id=313, 481.8pt x 803.0pt>
File: Pictures/Screenshot_2013-05-24-21-20-57.png Graphic file (type png)

<use Pictures/Screenshot_2013-05-24-21-20-57.png>
Package pdftex.def Info: Pictures/Screenshot_2013-05-24-21-20-57.png used on in
put line 497.
(pdftex.def)             Requested size: 134.90308pt x 224.83847pt.

<Pictures/Screenshot_2013-05-24-21-23-29.png, id=314, 481.8pt x 803.0pt>
File: Pictures/Screenshot_2013-05-24-21-23-29.png Graphic file (type png)

<use Pictures/Screenshot_2013-05-24-21-23-29.png>
Package pdftex.def Info: Pictures/Screenshot_2013-05-24-21-23-29.png used on in
put line 514.
(pdftex.def)             Requested size: 134.90308pt x 224.83847pt.

<Pictures/Screenshot_2013-05-24-21-23-51.png, id=315, 481.8pt x 803.0pt>
File: Pictures/Screenshot_2013-05-24-21-23-51.png Graphic file (type png)

<use Pictures/Screenshot_2013-05-24-21-23-51.png>
Package pdftex.def Info: Pictures/Screenshot_2013-05-24-21-23-51.png used on in
put line 514.
(pdftex.def)             Requested size: 134.90308pt x 224.83847pt.

<Pictures/Screenshot_2013-05-24-21-23-02.png, id=316, 481.8pt x 803.0pt>
File: Pictures/Screenshot_2013-05-24-21-23-02.png Graphic file (type png)

<use Pictures/Screenshot_2013-05-24-21-23-02.png>
Package pdftex.def Info: Pictures/Screenshot_2013-05-24-21-23-02.png used on in
put line 531.
(pdftex.def)             Requested size: 134.90308pt x 224.83847pt.

<Pictures/Screenshot_2013-05-24-21-19-44.png, id=317, 481.8pt x 803.0pt>
File: Pictures/Screenshot_2013-05-24-21-19-44.png Graphic file (type png)

<use Pictures/Screenshot_2013-05-24-21-19-44.png>
Package pdftex.def Info: Pictures/Screenshot_2013-05-24-21-19-44.png used on in
put line 531.
(pdftex.def)             Requested size: 134.90308pt x 224.83847pt.

<Pictures/Screenshot_2013-05-24-21-24-20.png, id=318, 481.8pt x 803.0pt>
File: Pictures/Screenshot_2013-05-24-21-24-20.png Graphic file (type png)

<use Pictures/Screenshot_2013-05-24-21-24-20.png>
Package pdftex.def Info: Pictures/Screenshot_2013-05-24-21-24-20.png used on in
put line 548.
(pdftex.def)             Requested size: 134.90308pt x 224.83847pt.

<Pictures/device-2013-05-31-202010.png, id=319, 481.8pt x 803.0pt>
File: Pictures/device-2013-05-31-202010.png Graphic file (type png)

<use Pictures/device-2013-05-31-202010.png>
Package pdftex.def Info: Pictures/device-2013-05-31-202010.png used on input li
ne 548.
(pdftex.def)             Requested size: 178.2632pt x 297.10535pt.

<Pictures/device-2013-05-31-202339000.png, id=320, 481.8pt x 803.0pt>
File: Pictures/device-2013-05-31-202339000.png Graphic file (type png)

<use Pictures/device-2013-05-31-202339000.png>
Package pdftex.def Info: Pictures/device-2013-05-31-202339000.png used on input
 line 565.
(pdftex.def)             Requested size: 134.90308pt x 224.83847pt.

<Pictures/device-2013-05-31-202456.png, id=321, 481.8pt x 803.0pt>
File: Pictures/device-2013-05-31-202456.png Graphic file (type png)

<use Pictures/device-2013-05-31-202456.png>
Package pdftex.def Info: Pictures/device-2013-05-31-202456.png used on input li
ne 565.
(pdftex.def)             Requested size: 134.90308pt x 224.83847pt.

<Pictures/device-2013-05-31-195821.png, id=322, 481.8pt x 803.0pt>
File: Pictures/device-2013-05-31-195821.png Graphic file (type png)

<use Pictures/device-2013-05-31-195821.png>
Package pdftex.def Info: Pictures/device-2013-05-31-195821.png used on input li
ne 582.
(pdftex.def)             Requested size: 134.90308pt x 224.83847pt.

<Pictures/device-2013-05-31-195753.png, id=323, 481.8pt x 803.0pt>
File: Pictures/device-2013-05-31-195753.png Graphic file (type png)

<use Pictures/device-2013-05-31-195753.png>
Package pdftex.def Info: Pictures/device-2013-05-31-195753.png used on input li
ne 582.
(pdftex.def)             Requested size: 134.90308pt x 224.83847pt.

Overfull \hbox (12.0pt too wide) in paragraph at lines 465--585
[]| [] 
 []


Underfull \hbox (badness 10000) in paragraph at lines 465--585

 []

[20 <C:/Users/david/Documents/Studies/VUB/2012-2013/Bachelorproef/AMuRate/Log/L
aTeX/Pictures/device-2013-05-25-213538.png (PNG copy)> <C:/Users/david/Document
s/Studies/VUB/2012-2013/Bachelorproef/AMuRate/Log/LaTeX/Pictures/Screenshot_201
3-05-24-21-16-07.png>] [21 <C:/Users/david/Documents/Studies/VUB/2012-2013/Bach
elorproef/AMuRate/Log/LaTeX/Pictures/GUI_0124_startresults.png> <C:/Users/david
/Documents/Studies/VUB/2012-2013/Bachelorproef/AMuRate/Log/LaTeX/Pictures/Scree
nshot_2013-05-24-21-17-57.png>] [22 <C:/Users/david/Documents/Studies/VUB/2012-
2013/Bachelorproef/AMuRate/Log/LaTeX/Pictures/Screenshot_2013-05-24-21-18-48.pn
g> <C:/Users/david/Documents/Studies/VUB/2012-2013/Bachelorproef/AMuRate/Log/La
TeX/Pictures/Screenshot_2013-05-24-21-20-57.png>] [23 <C:/Users/david/Documents
/Studies/VUB/2012-2013/Bachelorproef/AMuRate/Log/LaTeX/Pictures/Screenshot_2013
-05-24-21-23-29.png> <C:/Users/david/Documents/Studies/VUB/2012-2013/Bachelorpr
oef/AMuRate/Log/LaTeX/Pictures/Screenshot_2013-05-24-21-23-51.png>] [24 <C:/Use
rs/david/Documents/Studies/VUB/2012-2013/Bachelorproef/AMuRate/Log/LaTeX/Pictur
es/Screenshot_2013-05-24-21-23-02.png> <C:/Users/david/Documents/Studies/VUB/20
12-2013/Bachelorproef/AMuRate/Log/LaTeX/Pictures/Screenshot_2013-05-24-21-19-44
.png>] [25 <C:/Users/david/Documents/Studies/VUB/2012-2013/Bachelorproef/AMuRat
e/Log/LaTeX/Pictures/Screenshot_2013-05-24-21-24-20.png> <C:/Users/david/Docume
nts/Studies/VUB/2012-2013/Bachelorproef/AMuRate/Log/LaTeX/Pictures/device-2013-
05-31-202010.png (PNG copy)>] [26 <C:/Users/david/Documents/Studies/VUB/2012-20
13/Bachelorproef/AMuRate/Log/LaTeX/Pictures/device-2013-05-31-202339000.png (PN
G copy)> <C:/Users/david/Documents/Studies/VUB/2012-2013/Bachelorproef/AMuRate/
Log/LaTeX/Pictures/device-2013-05-31-202456.png (PNG copy)>] [27 <C:/Users/davi
d/Documents/Studies/VUB/2012-2013/Bachelorproef/AMuRate/Log/LaTeX/Pictures/devi
ce-2013-05-31-195821.png (PNG copy)> <C:/Users/david/Documents/Studies/VUB/2012
-2013/Bachelorproef/AMuRate/Log/LaTeX/Pictures/device-2013-05-31-195753.png (PN
G copy)>]
Underfull \hbox (badness 10000) in paragraph at lines 604--605

 []

<Pictures/mbid_change.png, id=358, 333.49594pt x 74.52844pt>
File: Pictures/mbid_change.png Graphic file (type png)

<use Pictures/mbid_change.png>
Package pdftex.def Info: Pictures/mbid_change.png used on input line 606.
(pdftex.def)             Requested size: 333.49512pt x 74.52824pt.

Underfull \hbox (badness 10000) in paragraph at lines 606--608

 []

[28 <C:/Users/david/Documents/Studies/VUB/2012-2013/Bachelorproef/AMuRate/Log/L
aTeX/Pictures/mbid_change.png>]
Package atveryend Info: Empty hook `BeforeClearDocument' on input line 659.
 [29]
Package atveryend Info: Empty hook `AfterLastShipout' on input line 659.

(C:\Users\david\Documents\Studies\VUB\2012-2013\Bachelorproef\AMuRate\Log\LaTeX
\Bachelorproef.aux)
Package atveryend Info: Executing hook `AtVeryEndDocument' on input line 659.
Package atveryend Info: Executing hook `AtEndAfterFileList' on input line 659.
Package rerunfilecheck Info: File `Bachelorproef.out' has not changed.
(rerunfilecheck)             Checksum: AA3665806F8086113F815D695AF305E7;2324.


LaTeX Warning: There were undefined references.

Package atveryend Info: Empty hook `AtVeryVeryEnd' on input line 659.
 ) 
Here is how much of TeX's memory you used:
 8386 strings out of 494045
 119448 string characters out of 3148387
 221539 words of memory out of 3000000
 11480 multiletter control sequences out of 15000+200000
 15456 words of font info for 60 fonts, out of 3000000 for 9000
 715 hyphenation exceptions out of 8191
 29i,14n,35p,1166b,335s stack positions out of 5000i,500n,10000p,200000b,50000s
<C:/Program Files/MiKTeX 2.9/fonts/type1/public/amsfonts/cm/cmbx10.pfb><C:/Pr
ogram Files/MiKTeX 2.9/fonts/type1/public/amsfonts/cm/cmbx12.pfb><C:/Program Fi
les/MiKTeX 2.9/fonts/type1/public/amsfonts/cm/cmmi10.pfb><C:/Program Files/MiKT
eX 2.9/fonts/type1/public/amsfonts/cm/cmr10.pfb><C:/Program Files/MiKTeX 2.9/fo
nts/type1/public/amsfonts/cm/cmr12.pfb><C:/Program Files/MiKTeX 2.9/fonts/type1
/public/amsfonts/cm/cmr17.pfb><C:/Program Files/MiKTeX 2.9/fonts/type1/public/a
msfonts/cm/cmr6.pfb><C:/Program Files/MiKTeX 2.9/fonts/type1/public/amsfonts/cm
/cmr7.pfb><C:/Program Files/MiKTeX 2.9/fonts/type1/public/amsfonts/cm/cmr8.pfb>
<C:/Program Files/MiKTeX 2.9/fonts/type1/public/amsfonts/cm/cmr9.pfb><C:/Progra
m Files/MiKTeX 2.9/fonts/type1/public/amsfonts/cm/cmsy10.pfb><C:/Program Files/
MiKTeX 2.9/fonts/type1/public/amsfonts/cm/cmti10.pfb><C:/Program Files/MiKTeX 2
.9/fonts/type1/public/amsfonts/cm/cmtt10.pfb>
Output written on Bachelorproef.pdf (29 pages, 2925520 bytes).
PDF statistics:
 438 PDF objects out of 1000 (max. 8388607)
 73 named destinations out of 1000 (max. 500000)
 417 words of extra memory for PDF output out of 10000 (max. 10000000)

