\BOOKMARK [1][-]{section.1}{Inleiding}{}% 1
\BOOKMARK [2][-]{subsection.1.1}{Doel}{section.1}% 2
\BOOKMARK [2][-]{subsection.1.2}{Projectbeschrijving}{section.1}% 3
\BOOKMARK [2][-]{subsection.1.3}{Afkortingen en definities}{section.1}% 4
\BOOKMARK [3][-]{subsubsection.1.3.1}{API}{subsection.1.3}% 5
\BOOKMARK [3][-]{subsubsection.1.3.2}{XML/JSON}{subsection.1.3}% 6
\BOOKMARK [3][-]{subsubsection.1.3.3}{HTTP}{subsection.1.3}% 7
\BOOKMARK [3][-]{subsubsection.1.3.4}{GUI}{subsection.1.3}% 8
\BOOKMARK [2][-]{subsection.1.4}{MBID}{section.1}% 9
\BOOKMARK [1][-]{section.2}{Achtergrond}{}% 10
\BOOKMARK [2][-]{subsection.2.1}{Last.fm/API: REST}{section.2}% 11
\BOOKMARK [2][-]{subsection.2.2}{REST architectuur}{section.2}% 12
\BOOKMARK [2][-]{subsection.2.3}{Website en repository}{section.2}% 13
\BOOKMARK [2][-]{subsection.2.4}{Naam en logo}{section.2}% 14
\BOOKMARK [1][-]{section.3}{Vereisten}{}% 15
\BOOKMARK [1][-]{section.4}{Implementatie}{}% 16
\BOOKMARK [2][-]{subsection.4.1}{Android applicatie}{section.4}% 17
\BOOKMARK [2][-]{subsection.4.2}{Data flow}{section.4}% 18
\BOOKMARK [2][-]{subsection.4.3}{Databases}{section.4}% 19
\BOOKMARK [3][-]{subsubsection.4.3.1}{Lokale Database}{subsection.4.3}% 20
\BOOKMARK [3][-]{subsubsection.4.3.2}{Externe Database}{subsection.4.3}% 21
\BOOKMARK [1][-]{section.5}{GUI}{}% 22
\BOOKMARK [1][-]{section.6}{Technische details}{}% 23
\BOOKMARK [2][-]{subsection.6.1}{Data collection}{section.6}% 24
\BOOKMARK [2][-]{subsection.6.2}{Unieke records}{section.6}% 25
\BOOKMARK [2][-]{subsection.6.3}{Verschillende zoekopdrachten}{section.6}% 26
\BOOKMARK [2][-]{subsection.6.4}{Database Syncing}{section.6}% 27
\BOOKMARK [2][-]{subsection.6.5}{Uitbreidbaarheid}{section.6}% 28
\BOOKMARK [2][-]{subsection.6.6}{Installatie}{section.6}% 29
\BOOKMARK [1][-]{section.7}{Tegengekomen problemen}{}% 30
\BOOKMARK [2][-]{subsection.7.1}{Synchronious tasks}{section.7}% 31
\BOOKMARK [2][-]{subsection.7.2}{Tracks omzetten van verschillende representaties}{section.7}% 32
\BOOKMARK [1][-]{section.8}{Bronnen, tools en referenties}{}% 33
