\BOOKMARK [1][-]{section.1}{Inleiding}{}% 1
\BOOKMARK [2][-]{subsection.1.1}{Doel}{section.1}% 2
\BOOKMARK [2][-]{subsection.1.2}{Referenties}{section.1}% 3
\BOOKMARK [3][-]{subsubsection.1.2.1}{AMuRate homepagina}{subsection.1.2}% 4
\BOOKMARK [3][-]{subsubsection.1.2.2}{Android}{subsection.1.2}% 5
\BOOKMARK [3][-]{subsubsection.1.2.3}{Ice Cream Sandwich}{subsection.1.2}% 6
\BOOKMARK [3][-]{subsubsection.1.2.4}{Last.fm}{subsection.1.2}% 7
\BOOKMARK [3][-]{subsubsection.1.2.5}{Github}{subsection.1.2}% 8
\BOOKMARK [2][-]{subsection.1.3}{Afkortingen en definities}{section.1}% 9
\BOOKMARK [3][-]{subsubsection.1.3.1}{API}{subsection.1.3}% 10
\BOOKMARK [3][-]{subsubsection.1.3.2}{XML/JSON}{subsection.1.3}% 11
\BOOKMARK [3][-]{subsubsection.1.3.3}{HTTP}{subsection.1.3}% 12
\BOOKMARK [3][-]{subsubsection.1.3.4}{GUI}{subsection.1.3}% 13
\BOOKMARK [1][-]{section.2}{Achtergrond}{}% 14
\BOOKMARK [2][-]{subsection.2.1}{Last.fm/api: REST}{section.2}% 15
\BOOKMARK [2][-]{subsection.2.2}{REST architectuur}{section.2}% 16
\BOOKMARK [1][-]{section.3}{Voorgrond}{}% 17
\BOOKMARK [2][-]{subsection.3.1}{Website}{section.3}% 18
\BOOKMARK [2][-]{subsection.3.2}{Naam en logo}{section.3}% 19
\BOOKMARK [1][-]{section.4}{Vereisten}{}% 20
\BOOKMARK [1][-]{section.5}{GUI}{}% 21
\BOOKMARK [1][-]{section.6}{Implementatie}{}% 22
\BOOKMARK [2][-]{subsection.6.1}{Packet onderverdeling}{section.6}% 23
\BOOKMARK [2][-]{subsection.6.2}{Database}{section.6}% 24
\BOOKMARK [3][-]{subsubsection.6.2.1}{Lokale Database}{subsection.6.2}% 25
\BOOKMARK [3][-]{subsubsection.6.2.2}{Externe Database}{subsection.6.2}% 26
\BOOKMARK [1][-]{section.7}{Voortgang}{}% 27
\BOOKMARK [1][-]{section.8}{Bronnen / Tools}{}% 28
\BOOKMARK [2][-]{subsection.8.1}{Eclipse}{section.8}% 29
\BOOKMARK [2][-]{subsection.8.2}{Android Development Toolkit \(ADT\)}{section.8}% 30
\BOOKMARK [2][-]{subsection.8.3}{Verschillende informatie}{section.8}% 31
